<?xml version="1.0" encoding="UTF-8"?>
<testng-results ignored="0" total="1" passed="1" failed="0" skipped="0">
  <reporter-output>
  </reporter-output>
  <suite started-at="2025-10-27T14:23:12 IST" name="Default suite" finished-at="2025-10-27T14:23:20 IST" duration-ms="7641">
    <groups>
    </groups>
    <test started-at="2025-10-27T14:23:12 IST" name="Default test" finished-at="2025-10-27T14:23:20 IST" duration-ms="7641">
      <class name="Package_One.OpenChromeBrowser">
        <test-method is-config="true" signature="beforetest()[pri:0, instance:Package_One.OpenChromeBrowser@1573f9fc]" started-at="2025-10-27T14:23:12 IST" name="beforetest" finished-at="2025-10-27T14:23:19 IST" duration-ms="6971" status="PASS">
          <reporter-output>
          </reporter-output>
        </test-method> <!-- beforetest -->
        <test-method signature="test1()[pri:0, instance:Package_One.OpenChromeBrowser@1573f9fc]" started-at="2025-10-27T14:23:19 IST" name="test1" finished-at="2025-10-27T14:23:20 IST" duration-ms="497" status="PASS">
          <reporter-output>
          </reporter-output>
        </test-method> <!-- test1 -->
        <test-method is-config="true" signature="close_browser()[pri:0, instance:Package_One.OpenChromeBrowser@1573f9fc]" started-at="2025-10-27T14:23:20 IST" name="close_browser" finished-at="2025-10-27T14:23:20 IST" duration-ms="141" status="PASS">
          <reporter-output>
          </reporter-output>
        </test-method> <!-- close_browser -->
      </class> <!-- Package_One.OpenChromeBrowser -->
    </test> <!-- Default test -->
  </suite> <!-- Default suite -->
</testng-results>
