<?xml version="1.0" encoding="UTF-8"?>
<!-- Generated by org.testng.reporters.JUnitXMLReporter -->
<testsuite ignored="0" hostname="SUMEET" failures="1" tests="1" name="Test(failed)" time="0.035" errors="0" timestamp="2025-11-07T12:24:43 IST">
  <testcase classname="testng_Package.Class_Three" name="demo3" time="0.009">
    <failure type="java.lang.Error" message="Unresolved compilation problem: 
	Syntax error, insert &amp;quot;;&amp;quot; to complete LocalVariableDeclarationStatement
">
      <![CDATA[java.lang.Error: Unresolved compilation problem: 
Syntax error, insert ";" to complete LocalVariableDeclarationStatement

at testng_Package.Class_Three.demo3(Class_Three.java:12)
at java.base/java.util.ArrayList.forEach(ArrayList.java:1596)
... Removed 25 stack frames]]>
    </failure>
  </testcase> <!-- demo3 -->
</testsuite> <!-- Test(failed) -->
