<?xml version="1.0" encoding="UTF-8"?>
<!-- Generated by org.testng.reporters.JUnitReportReporter -->
<testsuite hostname="SUMEET" failures="0" tests="1" name="testng_Package.Classone" time="0.001" errors="0" timestamp="2025-11-07T12:25:02 IST" skipped="0">
  <testcase classname="testng_Package.Classone" name="demo1" time="0.001">
    <system-out>
      <![CDATA[Sumeet Gaikwad]]>
    </system-out>
  </testcase> <!-- demo1 -->
  <system-out>
    <![CDATA[Ameet
Sumeet Gaikwad
Ajeet]]>
  </system-out>
</testsuite> <!-- testng_Package.Classone -->
