<?xml version="1.0" encoding="UTF-8"?>
<!-- Generated by org.testng.reporters.JUnitReportReporter -->
<testsuite hostname="SUMEET" failures="0" tests="5" name="testNGPackage.Data_Provider" time="32.520" errors="0" timestamp="2025-11-14T20:49:35 IST" skipped="0">
  <testcase classname="testNGPackage.Data_Provider" name="testinvalidlogin" time="5.741"/>
  <testcase classname="testNGPackage.Data_Provider" name="testinvalidlogin" time="6.289"/>
  <testcase classname="testNGPackage.Data_Provider" name="testinvalidlogin" time="6.282"/>
  <testcase classname="testNGPackage.Data_Provider" name="testinvalidlogin" time="7.300"/>
  <testcase classname="testNGPackage.Data_Provider" name="testinvalidlogin" time="6.908"/>
</testsuite> <!-- testNGPackage.Data_Provider -->
