<?xml version="1.0" encoding="UTF-8"?>
<!-- Generated by org.testng.reporters.JUnitReportReporter -->
<testsuite hostname="SUMEET" failures="0" tests="3" name="com.nutrimenu.tests.HomePageTest" time="18.677" errors="0" timestamp="2025-10-28T14:25:59 IST" skipped="0">
  <testcase classname="com.nutrimenu.tests.HomePageTest" name="test1_CheckHomePageOpens" time="2.939"/>
  <testcase classname="com.nutrimenu.tests.HomePageTest" name="test2_CheckSearchBox" time="7.705"/>
  <testcase classname="com.nutrimenu.tests.HomePageTest" name="test3_SearchForFood" time="8.033"/>
</testsuite> <!-- com.nutrimenu.tests.HomePageTest -->
