<?xml version="1.0" encoding="UTF-8"?>
<!-- Generated by org.testng.reporters.JUnitReportReporter -->
<testsuite hostname="SUMEET" failures="0" tests="1" name="testng_Package.Class_Three" time="0.002" errors="0" timestamp="2025-11-07T12:25:02 IST" skipped="0">
  <testcase classname="testng_Package.Class_Three" name="demo3" time="0.002">
    <system-out>
      <![CDATA[Ajeet]]>
    </system-out>
  </testcase> <!-- demo3 -->
  <system-out>
    <![CDATA[Ameet
Sumeet Gaikwad
Ajeet]]>
  </system-out>
</testsuite> <!-- testng_Package.Class_Three -->
