<?xml version="1.0" encoding="UTF-8"?>
<!-- Generated by org.testng.reporters.JUnitReportReporter -->
<testsuite hostname="SUMEET" failures="0" tests="1" name="testNGPackage.Demo_Class_02" time="0.009" errors="0" timestamp="2025-11-07T13:30:46 IST" skipped="0">
  <testcase classname="testNGPackage.Demo_Class_02" name="demo2" time="0.009">
    <system-out>
      <![CDATA[Check report this class ]]>
    </system-out>
  </testcase> <!-- demo2 -->
  <system-out>
    <![CDATA[Method from the demo Class 01
Check report this class ]]>
  </system-out>
</testsuite> <!-- testNGPackage.Demo_Class_02 -->
