<?xml version="1.0" encoding="UTF-8"?>
<!-- Generated by org.testng.reporters.JUnitReportReporter -->
<testsuite hostname="SUMEET" failures="0" tests="1" name="testng_Package.Classtwo" time="0.009" errors="0" timestamp="2025-11-07T12:25:02 IST" skipped="0">
  <testcase classname="testng_Package.Classtwo" name="demo2" time="0.009">
    <system-out>
      <![CDATA[Ameet]]>
    </system-out>
  </testcase> <!-- demo2 -->
  <system-out>
    <![CDATA[Ameet
Sumeet Gaikwad
Ajeet]]>
  </system-out>
</testsuite> <!-- testng_Package.Classtwo -->
