<?xml version="1.0" encoding="UTF-8"?>
<!-- Generated by org.testng.reporters.JUnitReportReporter -->
<testsuite hostname="SUMEET" failures="0" tests="1" name="testng_Project.Check_Report" time="0.010" errors="0" timestamp="2025-11-07T11:31:58 IST" skipped="0">
  <testcase classname="testng_Project.Check_Report" name="Check_Report" time="0.010">
    <system-out>
      <![CDATA[Sumeet]]>
    </system-out>
  </testcase> <!-- Check_Report -->
  <system-out>
    <![CDATA[Sumeet]]>
  </system-out>
</testsuite> <!-- testng_Project.Check_Report -->
